<?xml version="1.0" encoding="UTF-8"?>
<!-- Generated by org.testng.reporters.JUnitReportReporter -->
<testsuite hostname="Madavarajs-MacBook-Air.local" failures="0" tests="2" name="test.Basics" time="0.019" errors="0" timestamp="2025-04-03T10:05:46 AWST" skipped="0">
  <testcase classname="test.Basics" name="CarLoan" time="0.013"/>
  <testcase classname="test.Basics" name="HomeLoan" time="0.006"/>
</testsuite> <!-- test.Basics -->
