<?xml version="1.0" encoding="UTF-8"?>
<!-- Generated by org.testng.reporters.JUnitReportReporter -->
<testsuite hostname="192-168-1-8.tpgi.com.au" failures="0" tests="4" name="test.Basics" time="0.029" errors="0" timestamp="2025-03-05T18:35:45 AWST" skipped="0">
  <testcase classname="test.Basics" name="Demo" time="0.003"/>
  <system-out/>
  <testcase classname="test.Basics" name="HomeLoan" time="0.002"/>
  <system-out/>
  <testcase classname="test.Basics" name="CarLoan" time="0.022"/>
  <system-out/>
  <testcase classname="test.Basics" name="HomeLoanLogin" time="0.002"/>
  <system-out/>
</testsuite> <!-- test.Basics -->
