<?xml version="1.0" encoding="UTF-8"?>
<!-- Generated by org.testng.reporters.JUnitReportReporter -->
<testsuite hostname="Madavarajs-MacBook-Air.local" failures="0" tests="1" name="test.Test1" time="0.002" errors="0" timestamp="2024-09-25T15:35:29 AWST" skipped="0">
  <testcase classname="test.Test1" name="testrun" time="0.002"/>
  <system-out/>
</testsuite> <!-- test.Test1 -->
